12.5.2010 10:47:10 5524 Logging started
12.5.2010 10:47:10 5524 Begin Startup
12.5.2010 10:47:10 5524 Chaosauncher 0.5.4.4 on NT 6.1.7600  at C:\Program Files\Starcraft\Chaoslauncher\Chaoslauncher.exe
12.5.2010 10:47:10 5524 Load Settings
12.5.2010 10:47:10 5524 GamePath: C:\Program Files\Starcraft\
12.5.2010 10:47:10 5524 Load Plugins
12.5.2010 10:47:10 5524 AdvLoaderPluginPath: \Plugins\
12.5.2010 10:47:10 5524 Loading BWL4-Plugin C:\Program Files\Starcraft\Chaoslauncher\APMAlert.bwl
12.5.2010 10:47:11 5524 Plugin loaded APMAlert (1.16.1)
12.5.2010 10:47:11 5524 Loading BWL4-Plugin C:\Program Files\Starcraft\Chaoslauncher\BWAPI_ChaosLauncherInjector.bwl
12.5.2010 10:47:11 5524 Plugin loaded BWAPI Injector (1.16.1)
12.5.2010 10:47:11 5524 Loading BWL4-Plugin C:\Program Files\Starcraft\Chaoslauncher\Chaosplugin.bwl
12.5.2010 10:47:11 5524 Plugin loaded Chaosplugin for 1.16.1
12.5.2010 10:47:11 5524 Loading BWL4-Plugin C:\Program Files\Starcraft\Chaoslauncher\iccscbn.icc
12.5.2010 10:47:11 5524 Plugin loaded ICCup
12.5.2010 10:47:11 5524 Loading BWL4-Plugin C:\Program Files\Starcraft\Chaoslauncher\icctv.bwl
12.5.2010 10:47:11 5524 Plugin loaded ICCup TV Streamer
12.5.2010 10:47:11 5524 Loading BWL4-Plugin C:\Program Files\Starcraft\Chaoslauncher\icctvp.bwl
12.5.2010 10:47:11 5524 Plugin loaded ICCup TV Player
12.5.2010 10:47:11 5524 Loading BWL4-Plugin C:\Program Files\Starcraft\Chaoslauncher\LatencyChanger.bwl
12.5.2010 10:47:11 5524 Plugin loaded LatencyChanger for 1.16.1
12.5.2010 10:47:11 5524 Loading BWL4-Plugin C:\Program Files\Starcraft\Chaoslauncher\repfix.bwl
12.5.2010 10:47:11 5524 Plugin loaded RepFix
12.5.2010 10:47:11 5524 Loading BWL4-Plugin C:\Program Files\Starcraft\Chaoslauncher\Stormplugin.bwl
12.5.2010 10:47:11 5524 Plugin loaded Stormplugin for 1.16.1
12.5.2010 10:47:11 5524 Loading BWL4-Plugin C:\Program Files\Starcraft\Chaoslauncher\wmode.bwl
12.5.2010 10:47:11 5524 Plugin loaded W-MODE 1.02
12.5.2010 10:47:11 5524 Load Tools
12.5.2010 10:47:11 5524 Init GUI
12.5.2010 10:47:11 5524 Get Starcraftversions
12.5.2010 10:47:11 5524 Init complete
12.5.2010 10:50:37 5524 Startbutton
12.5.2010 10:50:37 5524 Starting Game Starcraft 1.16.1 C:\Program Files\Starcraft\StarCraft.exe
12.5.2010 10:50:37 5524 BWAPI Injector (1.16.1) Version  Compatible
12.5.2010 10:50:37 5524 W-MODE 1.02 Version 1.0.2 Compatible
12.5.2010 10:50:37 5524 Obtained DebugPrivilege
12.5.2010 10:50:37 5524 CreateProcess
12.5.2010 10:50:38 5524 Call ScSuspended for all active Plugins
12.5.2010 10:50:38 5524 ApplyPatchSuspended for BWAPI Injector (1.16.1)
12.5.2010 10:50:38 5524 ApplyPatchSuspended for W-MODE 1.02
12.5.2010 10:50:38 5524 ResumeThread
12.5.2010 10:50:38 5524 WaitForInputIdle
12.5.2010 10:50:38 5524 Call ScWindowCreated for all active Plugins
12.5.2010 10:50:38 5524 ApplyPatch for BWAPI Injector (1.16.1)
12.5.2010 10:50:39 5524 ApplyPatch for W-MODE 1.02
12.5.2010 10:50:39 5524 Starting Starcraft completed
12.5.2010 11:01:53 5524 Check for updates
12.5.2010 11:01:53 5524 Updateing APMAlert (1.16.1)
12.5.2010 11:01:53 5524 url: http://rockify.net/APMAlert/
12.5.2010 11:01:54 5524 Updateing BWAPI Injector (1.16.1)
12.5.2010 11:01:54 5524 url: http://bwapi.googlecode.com/files/
12.5.2010 11:01:54 5524 Exception at: BwlUpdateCheck http.get(update) class: EIdHTTPProtocolException msg: HTTP/1.1 404 Not Found
12.5.2010 11:01:54 5524 Updateing Chaosplugin for 1.16.1
12.5.2010 11:01:54 5524 url: http://winner.cspsx.de/Starcraft/Tool/Update/
12.5.2010 11:01:55 5524 Update ICCup Antihack
12.5.2010 11:01:55 5524 Updateing ICCup TV Streamer
12.5.2010 11:01:55 5524 url: http://warcraft.theabyss.ru/icctv/update/streamer/
12.5.2010 11:01:55 5524 Updateing ICCup TV Player
12.5.2010 11:01:55 5524 url: http://warcraft.theabyss.ru/icctv/update/player/
12.5.2010 11:01:55 5524 Updateing LatencyChanger for 1.16.1
12.5.2010 11:01:55 5524 url: http://winner.cspsx.de/Starcraft/Tool/LatencyUpdate/
12.5.2010 11:01:56 5524 Updateing RepFix
12.5.2010 11:01:56 5524 url: http://www.iccup.com/
12.5.2010 11:01:56 5524 Exception at: BwlUpdateCheck http.get(update) class: EIdHTTPProtocolException msg: HTTP/1.1 404 Not Found
12.5.2010 11:01:56 5524 Updateing Stormplugin for 1.16.1
12.5.2010 11:01:56 5524 url: http://winner.cspsx.de/Starcraft/Tool/StormUpdate/
12.5.2010 11:01:56 5524 Updateing W-MODE 1.02
12.5.2010 11:01:56 5524 Updateing Launcher
12.5.2010 11:01:56 5524 url: http://winner.cspsx.de/Starcraft/Tool/Launcherupdate/
12.5.2010 11:01:56 5524 No updates available
12.5.2010 11:01:57 5524 Startbutton
12.5.2010 11:01:57 5524 Exception at: Global ExceptionHandler class: Exception msg: Starcraft is already running
12.5.2010 11:02:09 5524 Startbutton
12.5.2010 11:02:09 5524 Starting Game Starcraft 1.16.1 C:\Program Files\Starcraft\StarCraft.exe
12.5.2010 11:02:09 5524 BWAPI Injector (1.16.1) Version  Compatible
12.5.2010 11:02:09 5524 W-MODE 1.02 Version 1.0.2 Compatible
12.5.2010 11:02:09 5524 Obtained DebugPrivilege
12.5.2010 11:02:09 5524 CreateProcess
12.5.2010 11:02:09 5524 Call ScSuspended for all active Plugins
12.5.2010 11:02:09 5524 ApplyPatchSuspended for BWAPI Injector (1.16.1)
12.5.2010 11:02:09 5524 ApplyPatchSuspended for W-MODE 1.02
12.5.2010 11:02:09 5524 ResumeThread
12.5.2010 11:02:09 5524 WaitForInputIdle
12.5.2010 11:02:09 5524 Call ScWindowCreated for all active Plugins
12.5.2010 11:02:09 5524 ApplyPatch for BWAPI Injector (1.16.1)
12.5.2010 11:02:09 5524 ApplyPatch for W-MODE 1.02
12.5.2010 11:02:09 5524 Starting Starcraft completed
